2024-10-30 18:05:51,998 - root - INFO - 

******** Input Params ********
-->  country: us
-->  hotel_name: paramount-new-york
-->  sort_by: most_relevant
-->  n_rows: -1
-->  stop_critera: None
************************


2024-10-30 18:05:51,998 - root - INFO - Creating URLs
2024-10-30 18:05:51,998 - root - INFO - Checking max offset parameter value
2024-10-30 18:05:52,653 - root - INFO - Offset parameter max value: 6040
2024-10-30 18:05:52,681 - root - INFO - Created URLs: 605
2024-10-30 18:05:52,681 - root - INFO - Progress Monitoring Thread Started
2024-10-30 18:05:52,681 - root - INFO - Starting Get Requests on 605 urls
2024-10-30 18:06:53,489 - root - INFO - Finished Get Requests in 60.8 seconds
2024-10-30 18:06:53,489 - root - INFO - Starting Parsing Responses: 605
2024-10-30 18:06:54,706 - root - INFO - Processed 13/605
2024-10-30 18:06:56,472 - root - INFO - Processes launched: 5
2024-10-30 18:06:56,707 - root - INFO - Processed 149/605
2024-10-30 18:06:58,707 - root - INFO - Processed 402/605
2024-10-30 18:07:00,708 - root - INFO - Processed 603/605
2024-10-30 18:07:00,853 - root - INFO - Finished Parsing Responses: 6049 in 68.2 seconds
2024-10-30 18:07:00,853 - root - INFO - Process complete 68.9 seconds
2024-10-30 18:07:00,853 - root - INFO - Reviews found: 6049
2024-10-30 18:07:02,709 - root - INFO - Processed 605/605
